

Started GET "/" for 127.0.0.1 at 2014-11-14 14:22:02 -0800

PG::ConnectionBad (FATAL:  role "stratevarius" does not exist
):
  activerecord (4.0.4) lib/active_record/connection_adapters/postgresql_adapter.rb:848:in `initialize'
  activerecord (4.0.4) lib/active_record/connection_adapters/postgresql_adapter.rb:848:in `new'
  activerecord (4.0.4) lib/active_record/connection_adapters/postgresql_adapter.rb:848:in `connect'
  activerecord (4.0.4) lib/active_record/connection_adapters/postgresql_adapter.rb:556:in `initialize'
  activerecord (4.0.4) lib/active_record/connection_adapters/postgresql_adapter.rb:41:in `new'
  activerecord (4.0.4) lib/active_record/connection_adapters/postgresql_adapter.rb:41:in `postgresql_connection'
  activerecord (4.0.4) lib/active_record/connection_adapters/abstract/connection_pool.rb:440:in `new_connection'
  activerecord (4.0.4) lib/active_record/connection_adapters/abstract/connection_pool.rb:450:in `checkout_new_connection'
  activerecord (4.0.4) lib/active_record/connection_adapters/abstract/connection_pool.rb:421:in `acquire_connection'
  activerecord (4.0.4) lib/active_record/connection_adapters/abstract/connection_pool.rb:356:in `block in checkout'
  /Users/Macintosh/.rbenv/versions/2.1.2/lib/ruby/2.1.0/monitor.rb:211:in `mon_synchronize'
  activerecord (4.0.4) lib/active_record/connection_adapters/abstract/connection_pool.rb:355:in `checkout'
  activerecord (4.0.4) lib/active_record/connection_adapters/abstract/connection_pool.rb:265:in `block in connection'
  /Users/Macintosh/.rbenv/versions/2.1.2/lib/ruby/2.1.0/monitor.rb:211:in `mon_synchronize'
  activerecord (4.0.4) lib/active_record/connection_adapters/abstract/connection_pool.rb:264:in `connection'
  activerecord (4.0.4) lib/active_record/connection_adapters/abstract/connection_pool.rb:546:in `retrieve_connection'
  activerecord (4.0.4) lib/active_record/connection_handling.rb:79:in `retrieve_connection'
  activerecord (4.0.4) lib/active_record/connection_handling.rb:53:in `connection'
  activerecord (4.0.4) lib/active_record/query_cache.rb:51:in `restore_query_cache_settings'
  activerecord (4.0.4) lib/active_record/query_cache.rb:43:in `rescue in call'
  activerecord (4.0.4) lib/active_record/query_cache.rb:32:in `call'
  activerecord (4.0.4) lib/active_record/connection_adapters/abstract/connection_pool.rb:626:in `call'
  activerecord (4.0.4) lib/active_record/migration.rb:373:in `call'
  actionpack (4.0.4) lib/action_dispatch/middleware/callbacks.rb:29:in `block in call'
  activesupport (4.0.4) lib/active_support/callbacks.rb:373:in `_run__4263588757932969643__call__callbacks'
  activesupport (4.0.4) lib/active_support/callbacks.rb:80:in `run_callbacks'
  actionpack (4.0.4) lib/action_dispatch/middleware/callbacks.rb:27:in `call'
  actionpack (4.0.4) lib/action_dispatch/middleware/reloader.rb:64:in `call'
  actionpack (4.0.4) lib/action_dispatch/middleware/remote_ip.rb:76:in `call'
  actionpack (4.0.4) lib/action_dispatch/middleware/debug_exceptions.rb:17:in `call'
  actionpack (4.0.4) lib/action_dispatch/middleware/show_exceptions.rb:30:in `call'
  railties (4.0.4) lib/rails/rack/logger.rb:38:in `call_app'
  railties (4.0.4) lib/rails/rack/logger.rb:20:in `block in call'
  activesupport (4.0.4) lib/active_support/tagged_logging.rb:68:in `block in tagged'
  activesupport (4.0.4) lib/active_support/tagged_logging.rb:26:in `tagged'
  activesupport (4.0.4) lib/active_support/tagged_logging.rb:68:in `tagged'
  railties (4.0.4) lib/rails/rack/logger.rb:20:in `call'
  actionpack (4.0.4) lib/action_dispatch/middleware/request_id.rb:21:in `call'
  rack (1.5.2) lib/rack/methodoverride.rb:21:in `call'
  rack (1.5.2) lib/rack/runtime.rb:17:in `call'
  activesupport (4.0.4) lib/active_support/cache/strategy/local_cache.rb:83:in `call'
  rack (1.5.2) lib/rack/lock.rb:17:in `call'
  actionpack (4.0.4) lib/action_dispatch/middleware/static.rb:64:in `call'
  rack (1.5.2) lib/rack/sendfile.rb:112:in `call'
  railties (4.0.4) lib/rails/engine.rb:511:in `call'
  railties (4.0.4) lib/rails/application.rb:97:in `call'
  rack (1.5.2) lib/rack/lock.rb:17:in `call'
  rack (1.5.2) lib/rack/content_length.rb:14:in `call'
  rack (1.5.2) lib/rack/handler/webrick.rb:60:in `service'
  /Users/Macintosh/.rbenv/versions/2.1.2/lib/ruby/2.1.0/webrick/httpserver.rb:138:in `service'
  /Users/Macintosh/.rbenv/versions/2.1.2/lib/ruby/2.1.0/webrick/httpserver.rb:94:in `run'
  /Users/Macintosh/.rbenv/versions/2.1.2/lib/ruby/2.1.0/webrick/server.rb:295:in `block in start_thread'


  Rendered /Users/Macintosh/.rbenv/versions/2.1.2/lib/ruby/gems/2.1.0/gems/actionpack-4.0.4/lib/action_dispatch/middleware/templates/rescues/_source.erb (0.6ms)
  Rendered /Users/Macintosh/.rbenv/versions/2.1.2/lib/ruby/gems/2.1.0/gems/actionpack-4.0.4/lib/action_dispatch/middleware/templates/rescues/_trace.erb (1.5ms)
  Rendered /Users/Macintosh/.rbenv/versions/2.1.2/lib/ruby/gems/2.1.0/gems/actionpack-4.0.4/lib/action_dispatch/middleware/templates/rescues/_request_and_response.erb (1.0ms)
  Rendered /Users/Macintosh/.rbenv/versions/2.1.2/lib/ruby/gems/2.1.0/gems/actionpack-4.0.4/lib/action_dispatch/middleware/templates/rescues/diagnostics.erb within rescues/layout (21.5ms)


Started GET "/" for 127.0.0.1 at 2014-11-14 14:24:20 -0800

PG::ConnectionBad (FATAL:  role "stratevarius" does not exist
):
  activerecord (4.0.4) lib/active_record/connection_adapters/postgresql_adapter.rb:848:in `initialize'
  activerecord (4.0.4) lib/active_record/connection_adapters/postgresql_adapter.rb:848:in `new'
  activerecord (4.0.4) lib/active_record/connection_adapters/postgresql_adapter.rb:848:in `connect'
  activerecord (4.0.4) lib/active_record/connection_adapters/postgresql_adapter.rb:556:in `initialize'
  activerecord (4.0.4) lib/active_record/connection_adapters/postgresql_adapter.rb:41:in `new'
  activerecord (4.0.4) lib/active_record/connection_adapters/postgresql_adapter.rb:41:in `postgresql_connection'
  activerecord (4.0.4) lib/active_record/connection_adapters/abstract/connection_pool.rb:440:in `new_connection'
  activerecord (4.0.4) lib/active_record/connection_adapters/abstract/connection_pool.rb:450:in `checkout_new_connection'
  activerecord (4.0.4) lib/active_record/connection_adapters/abstract/connection_pool.rb:421:in `acquire_connection'
  activerecord (4.0.4) lib/active_record/connection_adapters/abstract/connection_pool.rb:356:in `block in checkout'
  /Users/Macintosh/.rbenv/versions/2.1.2/lib/ruby/2.1.0/monitor.rb:211:in `mon_synchronize'
  activerecord (4.0.4) lib/active_record/connection_adapters/abstract/connection_pool.rb:355:in `checkout'
  activerecord (4.0.4) lib/active_record/connection_adapters/abstract/connection_pool.rb:265:in `block in connection'
  /Users/Macintosh/.rbenv/versions/2.1.2/lib/ruby/2.1.0/monitor.rb:211:in `mon_synchronize'
  activerecord (4.0.4) lib/active_record/connection_adapters/abstract/connection_pool.rb:264:in `connection'
  activerecord (4.0.4) lib/active_record/connection_adapters/abstract/connection_pool.rb:546:in `retrieve_connection'
  activerecord (4.0.4) lib/active_record/connection_handling.rb:79:in `retrieve_connection'
  activerecord (4.0.4) lib/active_record/connection_handling.rb:53:in `connection'
  activerecord (4.0.4) lib/active_record/query_cache.rb:51:in `restore_query_cache_settings'
  activerecord (4.0.4) lib/active_record/query_cache.rb:43:in `rescue in call'
  activerecord (4.0.4) lib/active_record/query_cache.rb:32:in `call'
  activerecord (4.0.4) lib/active_record/connection_adapters/abstract/connection_pool.rb:626:in `call'
  activerecord (4.0.4) lib/active_record/migration.rb:373:in `call'
  actionpack (4.0.4) lib/action_dispatch/middleware/callbacks.rb:29:in `block in call'
  activesupport (4.0.4) lib/active_support/callbacks.rb:373:in `_run__238966892798975346__call__callbacks'
  activesupport (4.0.4) lib/active_support/callbacks.rb:80:in `run_callbacks'
  actionpack (4.0.4) lib/action_dispatch/middleware/callbacks.rb:27:in `call'
  actionpack (4.0.4) lib/action_dispatch/middleware/reloader.rb:64:in `call'
  actionpack (4.0.4) lib/action_dispatch/middleware/remote_ip.rb:76:in `call'
  actionpack (4.0.4) lib/action_dispatch/middleware/debug_exceptions.rb:17:in `call'
  actionpack (4.0.4) lib/action_dispatch/middleware/show_exceptions.rb:30:in `call'
  railties (4.0.4) lib/rails/rack/logger.rb:38:in `call_app'
  railties (4.0.4) lib/rails/rack/logger.rb:20:in `block in call'
  activesupport (4.0.4) lib/active_support/tagged_logging.rb:68:in `block in tagged'
  activesupport (4.0.4) lib/active_support/tagged_logging.rb:26:in `tagged'
  activesupport (4.0.4) lib/active_support/tagged_logging.rb:68:in `tagged'
  railties (4.0.4) lib/rails/rack/logger.rb:20:in `call'
  actionpack (4.0.4) lib/action_dispatch/middleware/request_id.rb:21:in `call'
  rack (1.5.2) lib/rack/methodoverride.rb:21:in `call'
  rack (1.5.2) lib/rack/runtime.rb:17:in `call'
  activesupport (4.0.4) lib/active_support/cache/strategy/local_cache.rb:83:in `call'
  rack (1.5.2) lib/rack/lock.rb:17:in `call'
  actionpack (4.0.4) lib/action_dispatch/middleware/static.rb:64:in `call'
  rack (1.5.2) lib/rack/sendfile.rb:112:in `call'
  railties (4.0.4) lib/rails/engine.rb:511:in `call'
  railties (4.0.4) lib/rails/application.rb:97:in `call'
  rack (1.5.2) lib/rack/lock.rb:17:in `call'
  rack (1.5.2) lib/rack/content_length.rb:14:in `call'
  rack (1.5.2) lib/rack/handler/webrick.rb:60:in `service'
  /Users/Macintosh/.rbenv/versions/2.1.2/lib/ruby/2.1.0/webrick/httpserver.rb:138:in `service'
  /Users/Macintosh/.rbenv/versions/2.1.2/lib/ruby/2.1.0/webrick/httpserver.rb:94:in `run'
  /Users/Macintosh/.rbenv/versions/2.1.2/lib/ruby/2.1.0/webrick/server.rb:295:in `block in start_thread'


  Rendered /Users/Macintosh/.rbenv/versions/2.1.2/lib/ruby/gems/2.1.0/gems/actionpack-4.0.4/lib/action_dispatch/middleware/templates/rescues/_source.erb (0.6ms)
  Rendered /Users/Macintosh/.rbenv/versions/2.1.2/lib/ruby/gems/2.1.0/gems/actionpack-4.0.4/lib/action_dispatch/middleware/templates/rescues/_trace.erb (1.1ms)
  Rendered /Users/Macintosh/.rbenv/versions/2.1.2/lib/ruby/gems/2.1.0/gems/actionpack-4.0.4/lib/action_dispatch/middleware/templates/rescues/_request_and_response.erb (1.0ms)
  Rendered /Users/Macintosh/.rbenv/versions/2.1.2/lib/ruby/gems/2.1.0/gems/actionpack-4.0.4/lib/action_dispatch/middleware/templates/rescues/diagnostics.erb within rescues/layout (14.8ms)


Started GET "/" for 127.0.0.1 at 2014-11-14 14:28:33 -0800

PG::ConnectionBad (FATAL:  role "stratevarius" does not exist
):
  activerecord (4.0.4) lib/active_record/connection_adapters/postgresql_adapter.rb:848:in `initialize'
  activerecord (4.0.4) lib/active_record/connection_adapters/postgresql_adapter.rb:848:in `new'
  activerecord (4.0.4) lib/active_record/connection_adapters/postgresql_adapter.rb:848:in `connect'
  activerecord (4.0.4) lib/active_record/connection_adapters/postgresql_adapter.rb:556:in `initialize'
  activerecord (4.0.4) lib/active_record/connection_adapters/postgresql_adapter.rb:41:in `new'
  activerecord (4.0.4) lib/active_record/connection_adapters/postgresql_adapter.rb:41:in `postgresql_connection'
  activerecord (4.0.4) lib/active_record/connection_adapters/abstract/connection_pool.rb:440:in `new_connection'
  activerecord (4.0.4) lib/active_record/connection_adapters/abstract/connection_pool.rb:450:in `checkout_new_connection'
  activerecord (4.0.4) lib/active_record/connection_adapters/abstract/connection_pool.rb:421:in `acquire_connection'
  activerecord (4.0.4) lib/active_record/connection_adapters/abstract/connection_pool.rb:356:in `block in checkout'
  /Users/Macintosh/.rbenv/versions/2.1.2/lib/ruby/2.1.0/monitor.rb:211:in `mon_synchronize'
  activerecord (4.0.4) lib/active_record/connection_adapters/abstract/connection_pool.rb:355:in `checkout'
  activerecord (4.0.4) lib/active_record/connection_adapters/abstract/connection_pool.rb:265:in `block in connection'
  /Users/Macintosh/.rbenv/versions/2.1.2/lib/ruby/2.1.0/monitor.rb:211:in `mon_synchronize'
  activerecord (4.0.4) lib/active_record/connection_adapters/abstract/connection_pool.rb:264:in `connection'
  activerecord (4.0.4) lib/active_record/connection_adapters/abstract/connection_pool.rb:546:in `retrieve_connection'
  activerecord (4.0.4) lib/active_record/connection_handling.rb:79:in `retrieve_connection'
  activerecord (4.0.4) lib/active_record/connection_handling.rb:53:in `connection'
  activerecord (4.0.4) lib/active_record/query_cache.rb:51:in `restore_query_cache_settings'
  activerecord (4.0.4) lib/active_record/query_cache.rb:43:in `rescue in call'
  activerecord (4.0.4) lib/active_record/query_cache.rb:32:in `call'
  activerecord (4.0.4) lib/active_record/connection_adapters/abstract/connection_pool.rb:626:in `call'
  activerecord (4.0.4) lib/active_record/migration.rb:373:in `call'
  actionpack (4.0.4) lib/action_dispatch/middleware/callbacks.rb:29:in `block in call'
  activesupport (4.0.4) lib/active_support/callbacks.rb:373:in `_run__238966892798975346__call__callbacks'
  activesupport (4.0.4) lib/active_support/callbacks.rb:80:in `run_callbacks'
  actionpack (4.0.4) lib/action_dispatch/middleware/callbacks.rb:27:in `call'
  actionpack (4.0.4) lib/action_dispatch/middleware/reloader.rb:64:in `call'
  actionpack (4.0.4) lib/action_dispatch/middleware/remote_ip.rb:76:in `call'
  actionpack (4.0.4) lib/action_dispatch/middleware/debug_exceptions.rb:17:in `call'
  actionpack (4.0.4) lib/action_dispatch/middleware/show_exceptions.rb:30:in `call'
  railties (4.0.4) lib/rails/rack/logger.rb:38:in `call_app'
  railties (4.0.4) lib/rails/rack/logger.rb:20:in `block in call'
  activesupport (4.0.4) lib/active_support/tagged_logging.rb:68:in `block in tagged'
  activesupport (4.0.4) lib/active_support/tagged_logging.rb:26:in `tagged'
  activesupport (4.0.4) lib/active_support/tagged_logging.rb:68:in `tagged'
  railties (4.0.4) lib/rails/rack/logger.rb:20:in `call'
  actionpack (4.0.4) lib/action_dispatch/middleware/request_id.rb:21:in `call'
  rack (1.5.2) lib/rack/methodoverride.rb:21:in `call'
  rack (1.5.2) lib/rack/runtime.rb:17:in `call'
  activesupport (4.0.4) lib/active_support/cache/strategy/local_cache.rb:83:in `call'
  rack (1.5.2) lib/rack/lock.rb:17:in `call'
  actionpack (4.0.4) lib/action_dispatch/middleware/static.rb:64:in `call'
  rack (1.5.2) lib/rack/sendfile.rb:112:in `call'
  railties (4.0.4) lib/rails/engine.rb:511:in `call'
  railties (4.0.4) lib/rails/application.rb:97:in `call'
  rack (1.5.2) lib/rack/lock.rb:17:in `call'
  rack (1.5.2) lib/rack/content_length.rb:14:in `call'
  rack (1.5.2) lib/rack/handler/webrick.rb:60:in `service'
  /Users/Macintosh/.rbenv/versions/2.1.2/lib/ruby/2.1.0/webrick/httpserver.rb:138:in `service'
  /Users/Macintosh/.rbenv/versions/2.1.2/lib/ruby/2.1.0/webrick/httpserver.rb:94:in `run'
  /Users/Macintosh/.rbenv/versions/2.1.2/lib/ruby/2.1.0/webrick/server.rb:295:in `block in start_thread'


  Rendered /Users/Macintosh/.rbenv/versions/2.1.2/lib/ruby/gems/2.1.0/gems/actionpack-4.0.4/lib/action_dispatch/middleware/templates/rescues/_source.erb (1.0ms)
  Rendered /Users/Macintosh/.rbenv/versions/2.1.2/lib/ruby/gems/2.1.0/gems/actionpack-4.0.4/lib/action_dispatch/middleware/templates/rescues/_trace.erb (1.1ms)
  Rendered /Users/Macintosh/.rbenv/versions/2.1.2/lib/ruby/gems/2.1.0/gems/actionpack-4.0.4/lib/action_dispatch/middleware/templates/rescues/_request_and_response.erb (0.8ms)
  Rendered /Users/Macintosh/.rbenv/versions/2.1.2/lib/ruby/gems/2.1.0/gems/actionpack-4.0.4/lib/action_dispatch/middleware/templates/rescues/diagnostics.erb within rescues/layout (17.2ms)


Started GET "/" for 127.0.0.1 at 2014-11-14 14:35:44 -0800

PG::ConnectionBad (FATAL:  role "stratevarius" does not exist
):
  activerecord (4.0.4) lib/active_record/connection_adapters/postgresql_adapter.rb:848:in `initialize'
  activerecord (4.0.4) lib/active_record/connection_adapters/postgresql_adapter.rb:848:in `new'
  activerecord (4.0.4) lib/active_record/connection_adapters/postgresql_adapter.rb:848:in `connect'
  activerecord (4.0.4) lib/active_record/connection_adapters/postgresql_adapter.rb:556:in `initialize'
  activerecord (4.0.4) lib/active_record/connection_adapters/postgresql_adapter.rb:41:in `new'
  activerecord (4.0.4) lib/active_record/connection_adapters/postgresql_adapter.rb:41:in `postgresql_connection'
  activerecord (4.0.4) lib/active_record/connection_adapters/abstract/connection_pool.rb:440:in `new_connection'
  activerecord (4.0.4) lib/active_record/connection_adapters/abstract/connection_pool.rb:450:in `checkout_new_connection'
  activerecord (4.0.4) lib/active_record/connection_adapters/abstract/connection_pool.rb:421:in `acquire_connection'
  activerecord (4.0.4) lib/active_record/connection_adapters/abstract/connection_pool.rb:356:in `block in checkout'
  /Users/Macintosh/.rbenv/versions/2.1.2/lib/ruby/2.1.0/monitor.rb:211:in `mon_synchronize'
  activerecord (4.0.4) lib/active_record/connection_adapters/abstract/connection_pool.rb:355:in `checkout'
  activerecord (4.0.4) lib/active_record/connection_adapters/abstract/connection_pool.rb:265:in `block in connection'
  /Users/Macintosh/.rbenv/versions/2.1.2/lib/ruby/2.1.0/monitor.rb:211:in `mon_synchronize'
  activerecord (4.0.4) lib/active_record/connection_adapters/abstract/connection_pool.rb:264:in `connection'
  activerecord (4.0.4) lib/active_record/connection_adapters/abstract/connection_pool.rb:546:in `retrieve_connection'
  activerecord (4.0.4) lib/active_record/connection_handling.rb:79:in `retrieve_connection'
  activerecord (4.0.4) lib/active_record/connection_handling.rb:53:in `connection'
  activerecord (4.0.4) lib/active_record/migration.rb:796:in `current_version'
  activerecord (4.0.4) lib/active_record/migration.rb:804:in `needs_migration?'
  activerecord (4.0.4) lib/active_record/migration.rb:383:in `check_pending!'
  activerecord (4.0.4) lib/active_record/migration.rb:370:in `call'
  actionpack (4.0.4) lib/action_dispatch/middleware/callbacks.rb:29:in `block in call'
  activesupport (4.0.4) lib/active_support/callbacks.rb:373:in `_run__238966892798975346__call__callbacks'
  activesupport (4.0.4) lib/active_support/callbacks.rb:80:in `run_callbacks'
  actionpack (4.0.4) lib/action_dispatch/middleware/callbacks.rb:27:in `call'
  actionpack (4.0.4) lib/action_dispatch/middleware/reloader.rb:64:in `call'
  actionpack (4.0.4) lib/action_dispatch/middleware/remote_ip.rb:76:in `call'
  actionpack (4.0.4) lib/action_dispatch/middleware/debug_exceptions.rb:17:in `call'
  actionpack (4.0.4) lib/action_dispatch/middleware/show_exceptions.rb:30:in `call'
  railties (4.0.4) lib/rails/rack/logger.rb:38:in `call_app'
  railties (4.0.4) lib/rails/rack/logger.rb:20:in `block in call'
  activesupport (4.0.4) lib/active_support/tagged_logging.rb:68:in `block in tagged'
  activesupport (4.0.4) lib/active_support/tagged_logging.rb:26:in `tagged'
  activesupport (4.0.4) lib/active_support/tagged_logging.rb:68:in `tagged'
  railties (4.0.4) lib/rails/rack/logger.rb:20:in `call'
  actionpack (4.0.4) lib/action_dispatch/middleware/request_id.rb:21:in `call'
  rack (1.5.2) lib/rack/methodoverride.rb:21:in `call'
  rack (1.5.2) lib/rack/runtime.rb:17:in `call'
  activesupport (4.0.4) lib/active_support/cache/strategy/local_cache.rb:83:in `call'
  rack (1.5.2) lib/rack/lock.rb:17:in `call'
  actionpack (4.0.4) lib/action_dispatch/middleware/static.rb:64:in `call'
  rack (1.5.2) lib/rack/sendfile.rb:112:in `call'
  railties (4.0.4) lib/rails/engine.rb:511:in `call'
  railties (4.0.4) lib/rails/application.rb:97:in `call'
  rack (1.5.2) lib/rack/lock.rb:17:in `call'
  rack (1.5.2) lib/rack/content_length.rb:14:in `call'
  rack (1.5.2) lib/rack/handler/webrick.rb:60:in `service'
  /Users/Macintosh/.rbenv/versions/2.1.2/lib/ruby/2.1.0/webrick/httpserver.rb:138:in `service'
  /Users/Macintosh/.rbenv/versions/2.1.2/lib/ruby/2.1.0/webrick/httpserver.rb:94:in `run'
  /Users/Macintosh/.rbenv/versions/2.1.2/lib/ruby/2.1.0/webrick/server.rb:295:in `block in start_thread'


  Rendered /Users/Macintosh/.rbenv/versions/2.1.2/lib/ruby/gems/2.1.0/gems/actionpack-4.0.4/lib/action_dispatch/middleware/templates/rescues/_source.erb (0.5ms)
  Rendered /Users/Macintosh/.rbenv/versions/2.1.2/lib/ruby/gems/2.1.0/gems/actionpack-4.0.4/lib/action_dispatch/middleware/templates/rescues/_trace.erb (1.1ms)
  Rendered /Users/Macintosh/.rbenv/versions/2.1.2/lib/ruby/gems/2.1.0/gems/actionpack-4.0.4/lib/action_dispatch/middleware/templates/rescues/_request_and_response.erb (0.8ms)
  Rendered /Users/Macintosh/.rbenv/versions/2.1.2/lib/ruby/gems/2.1.0/gems/actionpack-4.0.4/lib/action_dispatch/middleware/templates/rescues/diagnostics.erb within rescues/layout (14.0ms)


Started GET "/" for 127.0.0.1 at 2014-11-14 14:36:49 -0800

PG::ConnectionBad (FATAL:  database "stratevarius_development" does not exist
):
  activerecord (4.0.4) lib/active_record/connection_adapters/postgresql_adapter.rb:848:in `initialize'
  activerecord (4.0.4) lib/active_record/connection_adapters/postgresql_adapter.rb:848:in `new'
  activerecord (4.0.4) lib/active_record/connection_adapters/postgresql_adapter.rb:848:in `connect'
  activerecord (4.0.4) lib/active_record/connection_adapters/postgresql_adapter.rb:556:in `initialize'
  activerecord (4.0.4) lib/active_record/connection_adapters/postgresql_adapter.rb:41:in `new'
  activerecord (4.0.4) lib/active_record/connection_adapters/postgresql_adapter.rb:41:in `postgresql_connection'
  activerecord (4.0.4) lib/active_record/connection_adapters/abstract/connection_pool.rb:440:in `new_connection'
  activerecord (4.0.4) lib/active_record/connection_adapters/abstract/connection_pool.rb:450:in `checkout_new_connection'
  activerecord (4.0.4) lib/active_record/connection_adapters/abstract/connection_pool.rb:421:in `acquire_connection'
  activerecord (4.0.4) lib/active_record/connection_adapters/abstract/connection_pool.rb:356:in `block in checkout'
  /Users/Macintosh/.rbenv/versions/2.1.2/lib/ruby/2.1.0/monitor.rb:211:in `mon_synchronize'
  activerecord (4.0.4) lib/active_record/connection_adapters/abstract/connection_pool.rb:355:in `checkout'
  activerecord (4.0.4) lib/active_record/connection_adapters/abstract/connection_pool.rb:265:in `block in connection'
  /Users/Macintosh/.rbenv/versions/2.1.2/lib/ruby/2.1.0/monitor.rb:211:in `mon_synchronize'
  activerecord (4.0.4) lib/active_record/connection_adapters/abstract/connection_pool.rb:264:in `connection'
  activerecord (4.0.4) lib/active_record/connection_adapters/abstract/connection_pool.rb:546:in `retrieve_connection'
  activerecord (4.0.4) lib/active_record/connection_handling.rb:79:in `retrieve_connection'
  activerecord (4.0.4) lib/active_record/connection_handling.rb:53:in `connection'
  activerecord (4.0.4) lib/active_record/migration.rb:796:in `current_version'
  activerecord (4.0.4) lib/active_record/migration.rb:804:in `needs_migration?'
  activerecord (4.0.4) lib/active_record/migration.rb:383:in `check_pending!'
  activerecord (4.0.4) lib/active_record/migration.rb:370:in `call'
  actionpack (4.0.4) lib/action_dispatch/middleware/callbacks.rb:29:in `block in call'
  activesupport (4.0.4) lib/active_support/callbacks.rb:373:in `_run__119069076705911591__call__callbacks'
  activesupport (4.0.4) lib/active_support/callbacks.rb:80:in `run_callbacks'
  actionpack (4.0.4) lib/action_dispatch/middleware/callbacks.rb:27:in `call'
  actionpack (4.0.4) lib/action_dispatch/middleware/reloader.rb:64:in `call'
  actionpack (4.0.4) lib/action_dispatch/middleware/remote_ip.rb:76:in `call'
  actionpack (4.0.4) lib/action_dispatch/middleware/debug_exceptions.rb:17:in `call'
  actionpack (4.0.4) lib/action_dispatch/middleware/show_exceptions.rb:30:in `call'
  railties (4.0.4) lib/rails/rack/logger.rb:38:in `call_app'
  railties (4.0.4) lib/rails/rack/logger.rb:20:in `block in call'
  activesupport (4.0.4) lib/active_support/tagged_logging.rb:68:in `block in tagged'
  activesupport (4.0.4) lib/active_support/tagged_logging.rb:26:in `tagged'
  activesupport (4.0.4) lib/active_support/tagged_logging.rb:68:in `tagged'
  railties (4.0.4) lib/rails/rack/logger.rb:20:in `call'
  actionpack (4.0.4) lib/action_dispatch/middleware/request_id.rb:21:in `call'
  rack (1.5.2) lib/rack/methodoverride.rb:21:in `call'
  rack (1.5.2) lib/rack/runtime.rb:17:in `call'
  activesupport (4.0.4) lib/active_support/cache/strategy/local_cache.rb:83:in `call'
  rack (1.5.2) lib/rack/lock.rb:17:in `call'
  actionpack (4.0.4) lib/action_dispatch/middleware/static.rb:64:in `call'
  rack (1.5.2) lib/rack/sendfile.rb:112:in `call'
  railties (4.0.4) lib/rails/engine.rb:511:in `call'
  railties (4.0.4) lib/rails/application.rb:97:in `call'
  rack (1.5.2) lib/rack/lock.rb:17:in `call'
  rack (1.5.2) lib/rack/content_length.rb:14:in `call'
  rack (1.5.2) lib/rack/handler/webrick.rb:60:in `service'
  /Users/Macintosh/.rbenv/versions/2.1.2/lib/ruby/2.1.0/webrick/httpserver.rb:138:in `service'
  /Users/Macintosh/.rbenv/versions/2.1.2/lib/ruby/2.1.0/webrick/httpserver.rb:94:in `run'
  /Users/Macintosh/.rbenv/versions/2.1.2/lib/ruby/2.1.0/webrick/server.rb:295:in `block in start_thread'


  Rendered /Users/Macintosh/.rbenv/versions/2.1.2/lib/ruby/gems/2.1.0/gems/actionpack-4.0.4/lib/action_dispatch/middleware/templates/rescues/_source.erb (0.6ms)
  Rendered /Users/Macintosh/.rbenv/versions/2.1.2/lib/ruby/gems/2.1.0/gems/actionpack-4.0.4/lib/action_dispatch/middleware/templates/rescues/_trace.erb (1.1ms)
  Rendered /Users/Macintosh/.rbenv/versions/2.1.2/lib/ruby/gems/2.1.0/gems/actionpack-4.0.4/lib/action_dispatch/middleware/templates/rescues/_request_and_response.erb (0.8ms)
  Rendered /Users/Macintosh/.rbenv/versions/2.1.2/lib/ruby/gems/2.1.0/gems/actionpack-4.0.4/lib/action_dispatch/middleware/templates/rescues/diagnostics.erb within rescues/layout (14.3ms)
  [1m[36m (6.2ms)[0m  [1mCREATE TABLE "schema_migrations" ("version" character varying(255) NOT NULL) [0m
  [1m[35m (3.1ms)[0m  CREATE UNIQUE INDEX "unique_schema_migrations" ON "schema_migrations" ("version")
  [1m[36mActiveRecord::SchemaMigration Load (0.4ms)[0m  [1mSELECT "schema_migrations".* FROM "schema_migrations"[0m
Migrating to CreateOrganizations (20141114223505)
  [1m[35m (0.1ms)[0m  BEGIN
  [1m[36m (5.6ms)[0m  [1mCREATE TABLE "organizations" ("id" serial primary key, "name" character varying(255), "address_street" character varying(255), "created_at" timestamp, "updated_at" timestamp) [0m
  [1m[35mSQL (1.0ms)[0m  INSERT INTO "schema_migrations" ("version") VALUES ($1)  [["version", "20141114223505"]]
  [1m[36m (0.5ms)[0m  [1mCOMMIT[0m
  [1m[35mActiveRecord::SchemaMigration Load (0.3ms)[0m  SELECT "schema_migrations".* FROM "schema_migrations"


Started GET "/" for 127.0.0.1 at 2014-11-14 14:37:48 -0800
  [1m[36mActiveRecord::SchemaMigration Load (0.8ms)[0m  [1mSELECT "schema_migrations".* FROM "schema_migrations"[0m
Processing by Rails::WelcomeController#index as HTML
  Rendered /Users/Macintosh/.rbenv/versions/2.1.2/lib/ruby/gems/2.1.0/gems/railties-4.0.4/lib/rails/templates/rails/welcome/index.html.erb (0.8ms)
Completed 200 OK in 13ms (Views: 3.6ms | ActiveRecord: 0.0ms)


Started GET "/index" for 127.0.0.1 at 2014-11-14 14:50:36 -0800
Processing by ApplicationController#index as HTML
  Parameters: {"path"=>"index"}
  Rendered application/index.html.erb within layouts/application (0.3ms)
Completed 200 OK in 127ms (Views: 126.6ms | ActiveRecord: 0.0ms)


Started GET "/assets/application.css?body=1" for 127.0.0.1 at 2014-11-14 14:50:36 -0800


Started GET "/assets/jquery.js?body=1" for 127.0.0.1 at 2014-11-14 14:50:36 -0800


Started GET "/assets/jquery_ujs.js?body=1" for 127.0.0.1 at 2014-11-14 14:50:36 -0800


Started GET "/assets/angular/angular.js?body=1" for 127.0.0.1 at 2014-11-14 14:50:36 -0800


Started GET "/assets/angular-ui-router/release/angular-ui-router.js?body=1" for 127.0.0.1 at 2014-11-14 14:50:37 -0800


Started GET "/assets/ng-app/app.js?body=1" for 127.0.0.1 at 2014-11-14 14:50:37 -0800


Started GET "/assets/application.js?body=1" for 127.0.0.1 at 2014-11-14 14:50:37 -0800


Started GET "/index" for 127.0.0.1 at 2014-11-14 14:52:40 -0800

ActionController::RoutingError (uninitialized constant RootController):
  activesupport (4.0.4) lib/active_support/inflector/methods.rb:226:in `const_get'
  activesupport (4.0.4) lib/active_support/inflector/methods.rb:226:in `block in constantize'
  activesupport (4.0.4) lib/active_support/inflector/methods.rb:224:in `each'
  activesupport (4.0.4) lib/active_support/inflector/methods.rb:224:in `inject'
  activesupport (4.0.4) lib/active_support/inflector/methods.rb:224:in `constantize'
  actionpack (4.0.4) lib/action_dispatch/routing/route_set.rb:76:in `controller_reference'
  actionpack (4.0.4) lib/action_dispatch/routing/route_set.rb:66:in `controller'
  actionpack (4.0.4) lib/action_dispatch/routing/route_set.rb:44:in `call'
  actionpack (4.0.4) lib/action_dispatch/journey/router.rb:71:in `block in call'
  actionpack (4.0.4) lib/action_dispatch/journey/router.rb:59:in `each'
  actionpack (4.0.4) lib/action_dispatch/journey/router.rb:59:in `call'
  actionpack (4.0.4) lib/action_dispatch/routing/route_set.rb:674:in `call'
  rack (1.5.2) lib/rack/etag.rb:23:in `call'
  rack (1.5.2) lib/rack/conditionalget.rb:25:in `call'
  rack (1.5.2) lib/rack/head.rb:11:in `call'
  actionpack (4.0.4) lib/action_dispatch/middleware/params_parser.rb:27:in `call'
  actionpack (4.0.4) lib/action_dispatch/middleware/flash.rb:241:in `call'
  rack (1.5.2) lib/rack/session/abstract/id.rb:225:in `context'
  rack (1.5.2) lib/rack/session/abstract/id.rb:220:in `call'
  actionpack (4.0.4) lib/action_dispatch/middleware/cookies.rb:486:in `call'
  activerecord (4.0.4) lib/active_record/query_cache.rb:36:in `call'
  activerecord (4.0.4) lib/active_record/connection_adapters/abstract/connection_pool.rb:626:in `call'
  activerecord (4.0.4) lib/active_record/migration.rb:373:in `call'
  actionpack (4.0.4) lib/action_dispatch/middleware/callbacks.rb:29:in `block in call'
  activesupport (4.0.4) lib/active_support/callbacks.rb:373:in `_run__119069076705911591__call__callbacks'
  activesupport (4.0.4) lib/active_support/callbacks.rb:80:in `run_callbacks'
  actionpack (4.0.4) lib/action_dispatch/middleware/callbacks.rb:27:in `call'
  actionpack (4.0.4) lib/action_dispatch/middleware/reloader.rb:64:in `call'
  actionpack (4.0.4) lib/action_dispatch/middleware/remote_ip.rb:76:in `call'
  actionpack (4.0.4) lib/action_dispatch/middleware/debug_exceptions.rb:17:in `call'
  actionpack (4.0.4) lib/action_dispatch/middleware/show_exceptions.rb:30:in `call'
  railties (4.0.4) lib/rails/rack/logger.rb:38:in `call_app'
  railties (4.0.4) lib/rails/rack/logger.rb:20:in `block in call'
  activesupport (4.0.4) lib/active_support/tagged_logging.rb:68:in `block in tagged'
  activesupport (4.0.4) lib/active_support/tagged_logging.rb:26:in `tagged'
  activesupport (4.0.4) lib/active_support/tagged_logging.rb:68:in `tagged'
  railties (4.0.4) lib/rails/rack/logger.rb:20:in `call'
  actionpack (4.0.4) lib/action_dispatch/middleware/request_id.rb:21:in `call'
  rack (1.5.2) lib/rack/methodoverride.rb:21:in `call'
  rack (1.5.2) lib/rack/runtime.rb:17:in `call'
  activesupport (4.0.4) lib/active_support/cache/strategy/local_cache.rb:83:in `call'
  rack (1.5.2) lib/rack/lock.rb:17:in `call'
  actionpack (4.0.4) lib/action_dispatch/middleware/static.rb:64:in `call'
  rack (1.5.2) lib/rack/sendfile.rb:112:in `call'
  railties (4.0.4) lib/rails/engine.rb:511:in `call'
  railties (4.0.4) lib/rails/application.rb:97:in `call'
  rack (1.5.2) lib/rack/lock.rb:17:in `call'
  rack (1.5.2) lib/rack/content_length.rb:14:in `call'
  rack (1.5.2) lib/rack/handler/webrick.rb:60:in `service'
  /Users/Macintosh/.rbenv/versions/2.1.2/lib/ruby/2.1.0/webrick/httpserver.rb:138:in `service'
  /Users/Macintosh/.rbenv/versions/2.1.2/lib/ruby/2.1.0/webrick/httpserver.rb:94:in `run'
  /Users/Macintosh/.rbenv/versions/2.1.2/lib/ruby/2.1.0/webrick/server.rb:295:in `block in start_thread'


  Rendered /Users/Macintosh/.rbenv/versions/2.1.2/lib/ruby/gems/2.1.0/gems/actionpack-4.0.4/lib/action_dispatch/middleware/templates/rescues/_trace.erb (1.1ms)
  Rendered /Users/Macintosh/.rbenv/versions/2.1.2/lib/ruby/gems/2.1.0/gems/actionpack-4.0.4/lib/action_dispatch/middleware/templates/routes/_route.html.erb (0.7ms)
  Rendered /Users/Macintosh/.rbenv/versions/2.1.2/lib/ruby/gems/2.1.0/gems/actionpack-4.0.4/lib/action_dispatch/middleware/templates/routes/_table.html.erb (6.0ms)
  Rendered /Users/Macintosh/.rbenv/versions/2.1.2/lib/ruby/gems/2.1.0/gems/actionpack-4.0.4/lib/action_dispatch/middleware/templates/rescues/routing_error.erb within rescues/layout (26.7ms)


Started GET "/index" for 127.0.0.1 at 2014-11-14 14:54:13 -0800
Processing by ApplicationController#index as HTML
  Parameters: {"path"=>"index"}
  Rendered application/index.html.erb within layouts/application (0.1ms)
Completed 200 OK in 4ms (Views: 3.6ms | ActiveRecord: 0.0ms)


Started GET "/assets/jquery.js?body=1" for 127.0.0.1 at 2014-11-14 14:54:13 -0800


Started GET "/assets/angular-ui-router/release/angular-ui-router.js?body=1" for 127.0.0.1 at 2014-11-14 14:54:13 -0800


Started GET "/assets/application.css?body=1" for 127.0.0.1 at 2014-11-14 14:54:13 -0800


Started GET "/assets/application.js?body=1" for 127.0.0.1 at 2014-11-14 14:54:13 -0800


Started GET "/assets/angular/angular.js?body=1" for 127.0.0.1 at 2014-11-14 14:54:13 -0800


Started GET "/assets/jquery_ujs.js?body=1" for 127.0.0.1 at 2014-11-14 14:54:13 -0800


Started GET "/assets/ng-app/app.js?body=1" for 127.0.0.1 at 2014-11-14 14:54:13 -0800


Started GET "/index" for 127.0.0.1 at 2014-11-14 14:54:48 -0800
Processing by ApplicationController#index as HTML
  Parameters: {"path"=>"index"}
  Rendered application/index.html.erb within layouts/application (0.1ms)
Completed 200 OK in 22ms (Views: 21.7ms | ActiveRecord: 0.0ms)


Started GET "/assets/application.css?body=1" for 127.0.0.1 at 2014-11-14 14:54:49 -0800


Started GET "/assets/jquery.js?body=1" for 127.0.0.1 at 2014-11-14 14:54:49 -0800


Started GET "/assets/angular-ui-router/release/angular-ui-router.js?body=1" for 127.0.0.1 at 2014-11-14 14:54:49 -0800


Started GET "/assets/jquery_ujs.js?body=1" for 127.0.0.1 at 2014-11-14 14:54:49 -0800


Started GET "/assets/ng-app/app.js?body=1" for 127.0.0.1 at 2014-11-14 14:54:49 -0800


Started GET "/assets/angular/angular.js?body=1" for 127.0.0.1 at 2014-11-14 14:54:49 -0800


Started GET "/assets/application.js?body=1" for 127.0.0.1 at 2014-11-14 14:54:49 -0800


Started GET "/index" for 127.0.0.1 at 2014-11-14 14:55:22 -0800
Processing by ApplicationController#index as HTML
  Parameters: {"path"=>"index"}
  Rendered application/index.html.erb within layouts/application (0.1ms)
Completed 200 OK in 4ms (Views: 3.8ms | ActiveRecord: 0.0ms)


Started GET "/assets/application.css?body=1" for 127.0.0.1 at 2014-11-14 14:55:22 -0800


Started GET "/assets/jquery.js?body=1" for 127.0.0.1 at 2014-11-14 14:55:22 -0800


Started GET "/assets/ng-app/app.js?body=1" for 127.0.0.1 at 2014-11-14 14:55:22 -0800


Started GET "/assets/jquery_ujs.js?body=1" for 127.0.0.1 at 2014-11-14 14:55:22 -0800


Started GET "/assets/angular/angular.js?body=1" for 127.0.0.1 at 2014-11-14 14:55:22 -0800


Started GET "/assets/application.js?body=1" for 127.0.0.1 at 2014-11-14 14:55:22 -0800


Started GET "/assets/angular-ui-router/release/angular-ui-router.js?body=1" for 127.0.0.1 at 2014-11-14 14:55:22 -0800


Started GET "/index" for 127.0.0.1 at 2014-11-14 14:56:59 -0800
Processing by ApplicationController#index as HTML
  Parameters: {"path"=>"index"}
  Rendered application/index.html.erb within layouts/application (0.0ms)
Completed 200 OK in 4ms (Views: 3.6ms | ActiveRecord: 0.0ms)


Started GET "/assets/jquery.js?body=1" for 127.0.0.1 at 2014-11-14 14:56:59 -0800


Started GET "/assets/jquery_ujs.js?body=1" for 127.0.0.1 at 2014-11-14 14:56:59 -0800


Started GET "/assets/angular/angular.js?body=1" for 127.0.0.1 at 2014-11-14 14:56:59 -0800


Started GET "/assets/ng-app/app.js?body=1" for 127.0.0.1 at 2014-11-14 14:56:59 -0800


Started GET "/assets/application.css?body=1" for 127.0.0.1 at 2014-11-14 14:56:59 -0800


Started GET "/assets/application.js?body=1" for 127.0.0.1 at 2014-11-14 14:56:59 -0800


Started GET "/assets/angular-ui-router/release/angular-ui-router.js?body=1" for 127.0.0.1 at 2014-11-14 14:56:59 -0800


Started GET "/assets/application.css?body=1" for 127.0.0.1 at 2014-11-14 14:57:08 -0800


Started GET "/index" for 127.0.0.1 at 2014-11-14 14:58:54 -0800
Processing by ApplicationController#index as HTML
  Parameters: {"path"=>"index"}
  Rendered application/index.html.erb within layouts/application (0.6ms)
Completed 200 OK in 59ms (Views: 58.2ms | ActiveRecord: 0.0ms)


Started GET "/assets/jquery.js?body=1" for 127.0.0.1 at 2014-11-14 14:58:54 -0800


Started GET "/assets/jquery_ujs.js?body=1" for 127.0.0.1 at 2014-11-14 14:58:54 -0800


Started GET "/assets/angular/angular.js?body=1" for 127.0.0.1 at 2014-11-14 14:58:54 -0800


Started GET "/assets/ng-app/app.js?body=1" for 127.0.0.1 at 2014-11-14 14:58:54 -0800


Started GET "/assets/angular-ui-router/release/angular-ui-router.js?body=1" for 127.0.0.1 at 2014-11-14 14:58:54 -0800


Started GET "/assets/application.js?body=1" for 127.0.0.1 at 2014-11-14 14:58:54 -0800


Started GET "/assets/application.css?body=1" for 127.0.0.1 at 2014-11-14 14:58:54 -0800


Started GET "/index" for 127.0.0.1 at 2014-11-14 15:02:58 -0800
Processing by ApplicationController#index as HTML
  Parameters: {"path"=>"index"}
  Rendered application/index.html.erb within layouts/application (0.0ms)
Completed 200 OK in 3ms (Views: 3.0ms | ActiveRecord: 0.0ms)


Started GET "/assets/jquery.js?body=1" for 127.0.0.1 at 2014-11-14 15:02:58 -0800


Started GET "/assets/jquery_ujs.js?body=1" for 127.0.0.1 at 2014-11-14 15:02:58 -0800


Started GET "/assets/angular-ui-router/release/angular-ui-router.js?body=1" for 127.0.0.1 at 2014-11-14 15:02:58 -0800


Started GET "/assets/angular/angular.js?body=1" for 127.0.0.1 at 2014-11-14 15:02:58 -0800


Started GET "/assets/application.css?body=1" for 127.0.0.1 at 2014-11-14 15:02:58 -0800


Started GET "/assets/ng-app/app.js?body=1" for 127.0.0.1 at 2014-11-14 15:02:58 -0800


Started GET "/assets/application.js?body=1" for 127.0.0.1 at 2014-11-14 15:02:58 -0800


Started GET "/index" for 127.0.0.1 at 2014-11-14 15:04:03 -0800
Processing by ApplicationController#index as HTML
  Parameters: {"path"=>"index"}
  Rendered application/index.html.erb within layouts/application (0.0ms)
Completed 200 OK in 5ms (Views: 4.1ms | ActiveRecord: 0.0ms)


Started GET "/assets/jquery.js?body=1" for 127.0.0.1 at 2014-11-14 15:04:03 -0800


Started GET "/assets/application.css?body=1" for 127.0.0.1 at 2014-11-14 15:04:03 -0800


Started GET "/assets/jquery_ujs.js?body=1" for 127.0.0.1 at 2014-11-14 15:04:03 -0800


Started GET "/assets/angular/angular.js?body=1" for 127.0.0.1 at 2014-11-14 15:04:03 -0800


Started GET "/assets/angular-ui-router/release/angular-ui-router.js?body=1" for 127.0.0.1 at 2014-11-14 15:04:03 -0800


Started GET "/assets/ng-app/app.js?body=1" for 127.0.0.1 at 2014-11-14 15:04:03 -0800


Started GET "/assets/application.js?body=1" for 127.0.0.1 at 2014-11-14 15:04:03 -0800


Started GET "/index" for 127.0.0.1 at 2014-11-14 15:04:24 -0800
Processing by ApplicationController#index as HTML
  Parameters: {"path"=>"index"}
  Rendered application/index.html.erb within layouts/application (0.1ms)
Completed 200 OK in 41ms (Views: 40.4ms | ActiveRecord: 0.0ms)


Started GET "/assets/jquery.js?body=1" for 127.0.0.1 at 2014-11-14 15:04:24 -0800


Started GET "/assets/application.css?body=1" for 127.0.0.1 at 2014-11-14 15:04:24 -0800


Started GET "/assets/ng-app/app.js?body=1" for 127.0.0.1 at 2014-11-14 15:04:24 -0800


Started GET "/assets/angular/angular.js?body=1" for 127.0.0.1 at 2014-11-14 15:04:24 -0800


Started GET "/assets/angular-ui-router/release/angular-ui-router.js?body=1" for 127.0.0.1 at 2014-11-14 15:04:24 -0800


Started GET "/assets/jquery_ujs.js?body=1" for 127.0.0.1 at 2014-11-14 15:04:24 -0800


Started GET "/assets/application.js?body=1" for 127.0.0.1 at 2014-11-14 15:04:24 -0800


Started GET "/index" for 127.0.0.1 at 2014-11-14 15:04:26 -0800
Processing by ApplicationController#index as HTML
  Parameters: {"path"=>"index"}
  Rendered application/index.html.erb within layouts/application (0.2ms)
Completed 200 OK in 5ms (Views: 4.1ms | ActiveRecord: 0.0ms)


Started GET "/assets/jquery.js?body=1" for 127.0.0.1 at 2014-11-14 15:04:26 -0800


Started GET "/assets/application.css?body=1" for 127.0.0.1 at 2014-11-14 15:04:26 -0800


Started GET "/assets/jquery_ujs.js?body=1" for 127.0.0.1 at 2014-11-14 15:04:26 -0800


Started GET "/assets/angular/angular.js?body=1" for 127.0.0.1 at 2014-11-14 15:04:26 -0800


Started GET "/assets/application.js?body=1" for 127.0.0.1 at 2014-11-14 15:04:26 -0800


Started GET "/assets/angular-ui-router/release/angular-ui-router.js?body=1" for 127.0.0.1 at 2014-11-14 15:04:26 -0800


Started GET "/assets/ng-app/app.js?body=1" for 127.0.0.1 at 2014-11-14 15:04:26 -0800


Started GET "/" for 127.0.0.1 at 2014-11-14 15:04:58 -0800
Processing by ApplicationController#index as HTML
  Rendered application/index.html.erb within layouts/application (0.0ms)
Completed 200 OK in 4ms (Views: 3.3ms | ActiveRecord: 0.0ms)


Started GET "/assets/application.css?body=1" for 127.0.0.1 at 2014-11-14 15:04:58 -0800


Started GET "/assets/jquery.js?body=1" for 127.0.0.1 at 2014-11-14 15:04:58 -0800


Started GET "/assets/jquery_ujs.js?body=1" for 127.0.0.1 at 2014-11-14 15:04:58 -0800


Started GET "/assets/angular-ui-router/release/angular-ui-router.js?body=1" for 127.0.0.1 at 2014-11-14 15:04:58 -0800


Started GET "/assets/ng-app/app.js?body=1" for 127.0.0.1 at 2014-11-14 15:04:58 -0800


Started GET "/assets/angular/angular.js?body=1" for 127.0.0.1 at 2014-11-14 15:04:58 -0800


Started GET "/assets/application.js?body=1" for 127.0.0.1 at 2014-11-14 15:04:58 -0800


Started GET "/" for 127.0.0.1 at 2014-11-14 15:18:24 -0800
Processing by ApplicationController#index as HTML
  Rendered application/index.html.erb within layouts/application (0.4ms)
Completed 200 OK in 41ms (Views: 40.4ms | ActiveRecord: 0.0ms)


Started GET "/assets/jquery.js?body=1" for 127.0.0.1 at 2014-11-14 15:18:24 -0800


Started GET "/assets/jquery_ujs.js?body=1" for 127.0.0.1 at 2014-11-14 15:18:24 -0800


Started GET "/assets/angular-ui-router/release/angular-ui-router.js?body=1" for 127.0.0.1 at 2014-11-14 15:18:25 -0800


Started GET "/assets/application.css?body=1" for 127.0.0.1 at 2014-11-14 15:18:25 -0800


Started GET "/assets/angular/angular.js?body=1" for 127.0.0.1 at 2014-11-14 15:18:25 -0800


Started GET "/assets/ng-app/app.js?body=1" for 127.0.0.1 at 2014-11-14 15:18:25 -0800


Started GET "/assets/application.js?body=1" for 127.0.0.1 at 2014-11-14 15:18:25 -0800


Started GET "/" for 127.0.0.1 at 2014-11-14 15:18:51 -0800
  [1m[36mActiveRecord::SchemaMigration Load (0.5ms)[0m  [1mSELECT "schema_migrations".* FROM "schema_migrations"[0m
Processing by ApplicationController#index as HTML
  Rendered application/index.html.erb within layouts/application (1.6ms)
Completed 200 OK in 134ms (Views: 133.9ms | ActiveRecord: 0.0ms)


Started GET "/assets/application.css?body=1" for 127.0.0.1 at 2014-11-14 15:18:52 -0800


Started GET "/assets/jquery.js?body=1" for 127.0.0.1 at 2014-11-14 15:18:52 -0800


Started GET "/assets/angular/angular.js?body=1" for 127.0.0.1 at 2014-11-14 15:18:52 -0800


Started GET "/assets/ng-app/app.js?body=1" for 127.0.0.1 at 2014-11-14 15:18:52 -0800


Started GET "/assets/angular-ui-router/release/angular-ui-router.js?body=1" for 127.0.0.1 at 2014-11-14 15:18:52 -0800


Started GET "/assets/jquery_ujs.js?body=1" for 127.0.0.1 at 2014-11-14 15:18:52 -0800


Started GET "/assets/application.js?body=1" for 127.0.0.1 at 2014-11-14 15:18:52 -0800


Started GET "/" for 127.0.0.1 at 2014-11-14 15:19:57 -0800
Processing by ApplicationController#index as HTML
  Rendered application/index.html.erb within layouts/application (0.1ms)
Completed 200 OK in 57ms (Views: 57.1ms | ActiveRecord: 0.0ms)


Started GET "/assets/jquery.js?body=1" for 127.0.0.1 at 2014-11-14 15:19:58 -0800


Started GET "/assets/jquery_ujs.js?body=1" for 127.0.0.1 at 2014-11-14 15:19:58 -0800


Started GET "/assets/angular-ui-router/release/angular-ui-router.js?body=1" for 127.0.0.1 at 2014-11-14 15:19:58 -0800


Started GET "/assets/angular/angular.js?body=1" for 127.0.0.1 at 2014-11-14 15:19:58 -0800


Started GET "/assets/angular-rails-templates.js?body=1" for 127.0.0.1 at 2014-11-14 15:19:58 -0800


Started GET "/assets/ng-app/app.js?body=1" for 127.0.0.1 at 2014-11-14 15:19:58 -0800


Started GET "/assets/application.css?body=1" for 127.0.0.1 at 2014-11-14 15:19:58 -0800


Started GET "/assets/application.js?body=1" for 127.0.0.1 at 2014-11-14 15:19:58 -0800


Started GET "/assets/main.js?body=1" for 127.0.0.1 at 2014-11-14 15:19:58 -0800


Started GET "/" for 127.0.0.1 at 2014-11-14 15:20:44 -0800
Processing by ApplicationController#index as HTML
  Rendered application/index.html.erb within layouts/application (0.4ms)
Completed 200 OK in 6ms (Views: 5.4ms | ActiveRecord: 0.0ms)


Started GET "/assets/jquery.js?body=1" for 127.0.0.1 at 2014-11-14 15:20:45 -0800


Started GET "/assets/application.css?body=1" for 127.0.0.1 at 2014-11-14 15:20:45 -0800


Started GET "/assets/jquery_ujs.js?body=1" for 127.0.0.1 at 2014-11-14 15:20:45 -0800


Started GET "/assets/angular/angular.js?body=1" for 127.0.0.1 at 2014-11-14 15:20:45 -0800


Started GET "/assets/angular-ui-router/release/angular-ui-router.js?body=1" for 127.0.0.1 at 2014-11-14 15:20:45 -0800


Started GET "/assets/angular-rails-templates.js?body=1" for 127.0.0.1 at 2014-11-14 15:20:45 -0800


Started GET "/assets/main.js?body=1" for 127.0.0.1 at 2014-11-14 15:20:45 -0800


Started GET "/assets/application.js?body=1" for 127.0.0.1 at 2014-11-14 15:20:45 -0800


Started GET "/assets/ng-app/app.js?body=1" for 127.0.0.1 at 2014-11-14 15:20:45 -0800


Started GET "/" for 127.0.0.1 at 2014-11-14 15:21:50 -0800
Processing by ApplicationController#index as HTML
  Rendered application/index.html.erb within layouts/application (0.0ms)
Completed 200 OK in 54ms (Views: 53.7ms | ActiveRecord: 0.0ms)


Started GET "/assets/jquery.js?body=1" for 127.0.0.1 at 2014-11-14 15:21:50 -0800


Started GET "/assets/application.css?body=1" for 127.0.0.1 at 2014-11-14 15:21:50 -0800


Started GET "/assets/jquery_ujs.js?body=1" for 127.0.0.1 at 2014-11-14 15:21:50 -0800


Started GET "/assets/angular-ui-router/release/angular-ui-router.js?body=1" for 127.0.0.1 at 2014-11-14 15:21:50 -0800


Started GET "/assets/angular/angular.js?body=1" for 127.0.0.1 at 2014-11-14 15:21:50 -0800


Started GET "/assets/main.js?body=1" for 127.0.0.1 at 2014-11-14 15:21:50 -0800


Started GET "/assets/application.js?body=1" for 127.0.0.1 at 2014-11-14 15:21:50 -0800


Started GET "/assets/ng-app/app.js?body=1" for 127.0.0.1 at 2014-11-14 15:21:50 -0800


Started GET "/assets/angular-rails-templates.js?body=1" for 127.0.0.1 at 2014-11-14 15:21:50 -0800


Started GET "/" for 127.0.0.1 at 2014-11-14 15:22:41 -0800
Processing by ApplicationController#index as HTML
  Rendered application/index.html.erb within layouts/application (0.2ms)
Completed 200 OK in 48ms (Views: 47.8ms | ActiveRecord: 0.0ms)


Started GET "/assets/jquery.js?body=1" for 127.0.0.1 at 2014-11-14 15:22:42 -0800


Started GET "/assets/application.css?body=1" for 127.0.0.1 at 2014-11-14 15:22:42 -0800


Started GET "/assets/angular/angular.js?body=1" for 127.0.0.1 at 2014-11-14 15:22:42 -0800


Started GET "/assets/jquery_ujs.js?body=1" for 127.0.0.1 at 2014-11-14 15:22:42 -0800


Started GET "/assets/angular-ui-router/release/angular-ui-router.js?body=1" for 127.0.0.1 at 2014-11-14 15:22:42 -0800


Started GET "/assets/angular-rails-templates.js?body=1" for 127.0.0.1 at 2014-11-14 15:22:42 -0800


Started GET "/assets/ng-app/app.js?body=1" for 127.0.0.1 at 2014-11-14 15:22:42 -0800


Started GET "/assets/application.js?body=1" for 127.0.0.1 at 2014-11-14 15:22:42 -0800


Started GET "/assets/main.js?body=1" for 127.0.0.1 at 2014-11-14 15:22:42 -0800
  [1m[36mActiveRecord::SchemaMigration Load (4.7ms)[0m  [1mSELECT "schema_migrations".* FROM "schema_migrations"[0m
Migrating to AddDescriptionToOrganizations (20141119021002)
  [1m[35m (0.7ms)[0m  BEGIN
  [1m[36m (19.7ms)[0m  [1mALTER TABLE "organizations" ADD COLUMN "crunchbase_uuid" character varying(255)[0m
  [1m[35m (0.5ms)[0m  ALTER TABLE "organizations" ADD COLUMN "Org_Types_id" integer
  [1m[36m (0.4ms)[0m  [1mALTER TABLE "organizations" ADD COLUMN "sector_type" character varying(255)[0m
  [1m[35m (0.4ms)[0m  ALTER TABLE "organizations" ADD COLUMN "strat_org_constituent_type" character varying(255)
  [1m[36m (0.2ms)[0m  [1mALTER TABLE "organizations" ADD COLUMN "description" character varying(255)[0m
  [1m[35m (0.3ms)[0m  ALTER TABLE "organizations" ADD COLUMN "web_url" character varying(255)
  [1m[36m (0.4ms)[0m  [1mALTER TABLE "organizations" ADD COLUMN "parent_or_child_org" character varying(255)[0m
  [1m[35m (0.3ms)[0m  ALTER TABLE "organizations" ADD COLUMN "parent_org_id" integer
  [1m[36m (0.3ms)[0m  [1mALTER TABLE "organizations" ADD COLUMN "size_revenue" character varying(255)[0m
  [1m[35m (0.4ms)[0m  ALTER TABLE "organizations" ADD COLUMN "size_employees_structured" character varying(255)
  [1m[36m (0.3ms)[0m  [1mALTER TABLE "organizations" ADD COLUMN "vision" character varying(255)[0m
  [1m[35m (0.3ms)[0m  ALTER TABLE "organizations" ADD COLUMN "mission" character varying(255)
  [1m[36m (0.4ms)[0m  [1mALTER TABLE "organizations" ADD COLUMN "goals" character varying(255)[0m
  [1m[35m (0.3ms)[0m  ALTER TABLE "organizations" ADD COLUMN "values" character varying(255)
  [1m[36m (0.3ms)[0m  [1mALTER TABLE "organizations" ADD COLUMN "motto_or_tagline" character varying(255)[0m
  [1m[35m (0.3ms)[0m  ALTER TABLE "organizations" ADD COLUMN "hq_address_city" character varying(255)
  [1m[36m (0.3ms)[0m  [1mALTER TABLE "organizations" ADD COLUMN "hq_address_state" character varying(255)[0m
  [1m[35m (0.3ms)[0m  ALTER TABLE "organizations" ADD COLUMN "hq_address_zip" character varying(255)
  [1m[36m (4.5ms)[0m  [1mALTER TABLE "organizations" ADD COLUMN "hq_telephone" character varying(255)[0m
  [1m[35m (0.5ms)[0m  ALTER TABLE "organizations" ADD COLUMN "hq_email" character varying(255)
  [1m[36m (0.4ms)[0m  [1mALTER TABLE "organizations" ADD COLUMN "region_headquartered_in" character varying(255)[0m
  [1m[35m (10.3ms)[0m  ROLLBACK
  [1m[36mActiveRecord::SchemaMigration Load (0.5ms)[0m  [1mSELECT "schema_migrations".* FROM "schema_migrations"[0m
Migrating to AddDescriptionToOrganizations (20141119021002)
  [1m[35m (0.2ms)[0m  BEGIN
  [1m[36m (1.3ms)[0m  [1mALTER TABLE "organizations" ADD COLUMN "crunchbase_uuid" character varying(255)[0m
  [1m[35m (0.3ms)[0m  ALTER TABLE "organizations" ADD COLUMN "Org_Types_id" integer
  [1m[36m (0.4ms)[0m  [1mALTER TABLE "organizations" ADD COLUMN "sector_type" character varying(255)[0m
  [1m[35m (0.3ms)[0m  ALTER TABLE "organizations" ADD COLUMN "strat_org_constituent_type" character varying(255)
  [1m[36m (1.4ms)[0m  [1mALTER TABLE "organizations" ADD COLUMN "description" character varying(255)[0m
  [1m[35m (0.5ms)[0m  ALTER TABLE "organizations" ADD COLUMN "web_url" character varying(255)
  [1m[36m (0.5ms)[0m  [1mALTER TABLE "organizations" ADD COLUMN "parent_or_child_org" character varying(255)[0m
  [1m[35m (0.4ms)[0m  ALTER TABLE "organizations" ADD COLUMN "parent_org_id" integer
  [1m[36m (0.3ms)[0m  [1mALTER TABLE "organizations" ADD COLUMN "size_revenue" character varying(255)[0m
  [1m[35m (0.3ms)[0m  ALTER TABLE "organizations" ADD COLUMN "size_employees_structured" character varying(255)
  [1m[36m (0.3ms)[0m  [1mALTER TABLE "organizations" ADD COLUMN "vision" character varying(255)[0m
  [1m[35m (0.3ms)[0m  ALTER TABLE "organizations" ADD COLUMN "mission" character varying(255)
  [1m[36m (0.3ms)[0m  [1mALTER TABLE "organizations" ADD COLUMN "goals" character varying(255)[0m
  [1m[35m (0.3ms)[0m  ALTER TABLE "organizations" ADD COLUMN "values" character varying(255)
  [1m[36m (0.3ms)[0m  [1mALTER TABLE "organizations" ADD COLUMN "motto_or_tagline" character varying(255)[0m
  [1m[35m (0.3ms)[0m  ALTER TABLE "organizations" ADD COLUMN "hq_address_city" character varying(255)
  [1m[36m (0.3ms)[0m  [1mALTER TABLE "organizations" ADD COLUMN "hq_address_state" character varying(255)[0m
  [1m[35m (0.3ms)[0m  ALTER TABLE "organizations" ADD COLUMN "hq_address_zip" character varying(255)
  [1m[36m (0.3ms)[0m  [1mALTER TABLE "organizations" ADD COLUMN "hq_telephone" character varying(255)[0m
  [1m[35m (0.3ms)[0m  ALTER TABLE "organizations" ADD COLUMN "hq_email" character varying(255)
  [1m[36m (0.8ms)[0m  [1mALTER TABLE "organizations" ADD COLUMN "region_headquartered_in" character varying(255)[0m
  [1m[35m (0.4ms)[0m  ALTER TABLE "organizations" ADD COLUMN "date_org_founded" timestamp
  [1m[36m (0.4ms)[0m  [1mALTER TABLE "organizations" ADD COLUMN "social_twitter" character varying(255)[0m
  [1m[35m (0.3ms)[0m  ALTER TABLE "organizations" ADD COLUMN "social_linkedin" character varying(255)
  [1m[36m (0.4ms)[0m  [1mALTER TABLE "organizations" ADD COLUMN "social_facebook" character varying(255)[0m
  [1m[35m (0.4ms)[0m  ALTER TABLE "organizations" ADD COLUMN "social_googleplus" character varying(255)
  [1m[36m (0.3ms)[0m  [1mALTER TABLE "organizations" ADD COLUMN "social_youtube" character varying(255)[0m
  [1m[35m (0.3ms)[0m  ALTER TABLE "organizations" ADD COLUMN "social_platform_dominant" character varying(255)
  [1m[36m (0.4ms)[0m  [1mALTER TABLE "organizations" ADD COLUMN "org_special_designations" character varying(255)[0m
  [1m[35m (0.3ms)[0m  ALTER TABLE "organizations" ADD COLUMN "logo_file_name" character varying(255)
  [1m[36m (0.3ms)[0m  [1mALTER TABLE "organizations" ADD COLUMN "logo_file_type" character varying(255)[0m
  [1m[35m (0.3ms)[0m  ALTER TABLE "organizations" ADD COLUMN "is_verified_by_staff" character varying(255)
  [1m[36m (0.3ms)[0m  [1mALTER TABLE "organizations" ADD COLUMN "is_verified_by_thirdparty" character varying(255)[0m
  [1m[35m (0.3ms)[0m  ALTER TABLE "organizations" ADD COLUMN "exec_comments_on_org" character varying(255)
  [1m[36m (0.3ms)[0m  [1mALTER TABLE "organizations" ADD COLUMN "staff_comments_on_org" character varying(255)[0m
  [1m[35m (0.2ms)[0m  ALTER TABLE "organizations" ADD COLUMN "created_by_exec_id" integer
  [1m[36m (0.4ms)[0m  [1mALTER TABLE "organizations" ADD COLUMN "certifications" character varying(255)[0m
  [1m[35m (0.3ms)[0m  ALTER TABLE "organizations" ADD COLUMN "source_original" character varying(255)
  [1m[36m (0.3ms)[0m  [1mALTER TABLE "organizations" ADD COLUMN "is_active" character varying(255)[0m
  [1m[35mSQL (6.4ms)[0m  INSERT INTO "schema_migrations" ("version") VALUES ($1)  [["version", "20141119021002"]]
  [1m[36m (1.2ms)[0m  [1mCOMMIT[0m
  [1m[35mActiveRecord::SchemaMigration Load (0.3ms)[0m  SELECT "schema_migrations".* FROM "schema_migrations"
  [1m[36mActiveRecord::SchemaMigration Load (2.0ms)[0m  [1mSELECT "schema_migrations".* FROM "schema_migrations"[0m
Migrating to CreateExecutives (20141119025445)
  [1m[35m (1.2ms)[0m  BEGIN
  [1m[36m (43.1ms)[0m  [1mCREATE TABLE "executives" ("id" serial primary key, "username" character varying(255), "password_digest" character varying(255), "strat_exec_constituent_type" character varying(255), "prefix" character varying(255), "firstname" character varying(255), "lastname" character varying(255), "suffix" character varying(255), "email" character varying(255), "alt_email" character varying(255), "mobile_tel" character varying(255), "mobile_carrier" character varying(255), "office_tel" character varying(255), "home_tel" character varying(255), "fax" character varying(255), "exec_web_url" character varying(255), "exec_description" character varying(255), "address_street" character varying(255), "address_city" character varying(255), "address_state" character varying(255), "address_zip" character varying(255), "demog_spousal_status" character varying(255), "spouse_name" character varying(255), "demog_gender" character varying(255), "demog_ethnicity" character varying(255), "country_of_origin" character varying(255), "demog_sexual_orientation" character varying(255), "social_twitter" character varying(255), "social_linkedin" character varying(255), "social_facebook" character varying(255), "social_googleplus" character varying(255), "social_youtube" character varying(255), "social_pinterest" character varying(255), "social_instagram" character varying(255), "social_photo" character varying(255), "social_blog" character varying(255), "social_platform_dominant" character varying(255), "certifications" character varying(255), "picture_file_name" character varying(255), "picture_file_type" character varying(255), "is_verified_by_staff" character varying(255), "is_verified_by_thirdparty" character varying(255), "exec_comments_on_self" character varying(255), "staff_comments_on_exec" character varying(255), "created_by_exec_id" integer, "is_active" character varying(255), "is_admin" character varying(255), "is_user" boolean, "created_at" timestamp NOT NULL, "updated_at" timestamp NOT NULL) [0m
  [1m[35mSQL (29.1ms)[0m  INSERT INTO "schema_migrations" ("version") VALUES ($1)  [["version", "20141119025445"]]
  [1m[36m (154.6ms)[0m  [1mCOMMIT[0m
  [1m[35mActiveRecord::SchemaMigration Load (0.2ms)[0m  SELECT "schema_migrations".* FROM "schema_migrations"
